[ 2013-03-27T09:45:40+08:00 ] 127.0.0.1 /
INFO: [ app_begin ] --START--
INFO: Run ReadHtmlCache Behavior [ RunTime:0.000654s ]
SQL: SHOW COLUMNS FROM `pin_ipban` [ RunTime:0.005073s ]
SQL: DELETE FROM `pin_ipban` WHERE expires_time <> 0 AND expires_time < 1364348740 [ RunTime:0.001039s ]
SQL: SELECT COUNT(*) AS tp_count FROM `pin_ipban` WHERE ( `type` = 'ip' ) AND ( `name` = '127.0.0.1' ) LIMIT 1   [ RunTime:0.001067s ]
INFO: Run check_ipban Behavior [ RunTime:-0.000056s ]
INFO: Run load_lang Behavior [ RunTime:-0.022548s ]
INFO: [ app_begin ] --END-- [ RunTime:0.024992s ]
SQL: SHOW COLUMNS FROM `pin_item` [ RunTime:0.003427s ]
SQL: SELECT COUNT(id) AS tp_count FROM `pin_item` WHERE ( `status` = 1 ) LIMIT 1   [ RunTime:0.000933s ]
SQL: SELECT `id`,`uid`,`uname`,`title`,`intro`,`img`,`price`,`likes`,`comments`,`comments_cache` FROM `pin_item` WHERE ( `status` = 1 ) ORDER BY hits DESC,id DESC LIMIT 0,10   [ RunTime:0.000581s ]
INFO: [ view_template ] --START--
INFO: Run basic_template Behavior [ RunTime:-0.039291s ]
INFO: [ view_template ] --END-- [ RunTime:0.000897s ]
INFO: [ view_parse ] --START--
INFO: [ view_template ] --START--
INFO: Run basic_template Behavior [ RunTime:-0.043618s ]
INFO: [ view_template ] --END-- [ RunTime:-0.003424s ]
INFO: [ view_template ] --START--
INFO: Run basic_template Behavior [ RunTime:-0.044210s ]
INFO: [ view_template ] --END-- [ RunTime:-0.004033s ]
INFO: [ view_template ] --START--
INFO: Run basic_template Behavior [ RunTime:-0.044780s ]
INFO: [ view_template ] --END-- [ RunTime:-0.004599s ]
INFO: [ view_template ] --START--
INFO: Run basic_template Behavior [ RunTime:-0.045382s ]
INFO: [ view_template ] --END-- [ RunTime:-0.005196s ]
NOTIC: [8] Undefined variable: csses /Users/yuan/Workspace/php/pinphp/data/runtime/Cache/home/11e2f12d84b746b76491e3160c81a5b0.php 第 11 行.
NOTIC: [8] Undefined variable: jses /Users/yuan/Workspace/php/pinphp/data/runtime/Cache/home/11e2f12d84b746b76491e3160c81a5b0.php 第 15 行.
SQL: SHOW COLUMNS FROM `pin_adboard` [ RunTime:0.002379s ]
SQL: SELECT * FROM `pin_adboard` WHERE ( `id` = 2 ) AND ( `status` = 1 ) LIMIT 1   [ RunTime:0.000467s ]
SQL: SHOW COLUMNS FROM `pin_ad` [ RunTime:0.002518s ]
SQL: SELECT `id`,`type`,`name`,`url`,`content`,`desc`,`extimg`,`extval` FROM `pin_ad` WHERE ( `board_id` = 2 ) AND ( `start_time` <= 1364348740 ) AND ( `end_time` >= 1364348740 ) AND ( `status` = 1 ) ORDER BY ordid  [ RunTime:0.000710s ]
INFO: [ view_template ] --START--
INFO: Run basic_template Behavior [ RunTime:-0.099160s ]
INFO: [ view_template ] --END-- [ RunTime:-0.058965s ]
INFO: [ view_parse ] --START--
INFO: Run ParseTemplate Behavior [ RunTime:-0.099301s ]
INFO: [ view_parse ] --END-- [ RunTime:0.002797s ]
INFO: [ view_filter ] --START--
INFO: Run ContentReplace Behavior [ RunTime:-0.102133s ]
INFO: Run TokenBuild Behavior [ RunTime:-0.102656s ]
INFO: Run WriteHtmlCache Behavior [ RunTime:-0.103191s ]
INFO: Run ShowRuntime Behavior [ RunTime:-0.103681s ]
INFO: Run content_replace Behavior [ RunTime:-0.104292s ]
INFO: [ view_filter ] --END-- [ RunTime:0.002683s ]
INFO: [ view_end ] --START--
INFO: Run ShowPageTrace Behavior [ RunTime:-0.104869s ]
INFO: [ view_end ] --END-- [ RunTime:0.000716s ]
SQL: SELECT * FROM `pin_adboard` WHERE ( `id` = 4 ) AND ( `status` = 1 ) LIMIT 1   [ RunTime:0.000319s ]
SQL: SELECT `id`,`type`,`name`,`url`,`content`,`desc`,`extimg`,`extval` FROM `pin_ad` WHERE ( `board_id` = 4 ) AND ( `start_time` <= 1364348740 ) AND ( `end_time` >= 1364348740 ) AND ( `status` = 1 ) ORDER BY ordid  [ RunTime:0.000362s ]
INFO: [ view_template ] --START--
INFO: Run basic_template Behavior [ RunTime:-0.107343s ]
INFO: [ view_template ] --END-- [ RunTime:-0.067164s ]
INFO: [ view_parse ] --START--
INFO: Run ParseTemplate Behavior [ RunTime:-0.107437s ]
INFO: [ view_parse ] --END-- [ RunTime:-0.005339s ]
INFO: [ view_filter ] --START--
INFO: Run ContentReplace Behavior [ RunTime:-0.109405s ]
INFO: Run TokenBuild Behavior [ RunTime:-0.109461s ]
INFO: Run WriteHtmlCache Behavior [ RunTime:-0.109505s ]
INFO: Run ShowRuntime Behavior [ RunTime:-0.109527s ]
INFO: Run content_replace Behavior [ RunTime:-0.109584s ]
INFO: [ view_filter ] --END-- [ RunTime:-0.004589s ]
INFO: [ view_end ] --START--
INFO: Run ShowPageTrace Behavior [ RunTime:-0.109671s ]
INFO: [ view_end ] --END-- [ RunTime:-0.004083s ]
SQL: SELECT * FROM `pin_adboard` WHERE ( `id` = 5 ) AND ( `status` = 1 ) LIMIT 1   [ RunTime:0.000270s ]
SQL: SELECT `id`,`type`,`name`,`url`,`content`,`desc`,`extimg`,`extval` FROM `pin_ad` WHERE ( `board_id` = 5 ) AND ( `start_time` <= 1364348740 ) AND ( `end_time` >= 1364348740 ) AND ( `status` = 1 ) ORDER BY ordid  [ RunTime:0.000223s ]
INFO: [ view_template ] --START--
INFO: Run basic_template Behavior [ RunTime:-0.110872s ]
INFO: [ view_template ] --END-- [ RunTime:-0.070694s ]
INFO: [ view_parse ] --START--
INFO: Run ParseTemplate Behavior [ RunTime:-0.110960s ]
INFO: [ view_parse ] --END-- [ RunTime:-0.008863s ]
INFO: [ view_filter ] --START--
INFO: Run ContentReplace Behavior [ RunTime:-0.112414s ]
INFO: Run TokenBuild Behavior [ RunTime:-0.112520s ]
INFO: Run WriteHtmlCache Behavior [ RunTime:-0.112568s ]
INFO: Run ShowRuntime Behavior [ RunTime:-0.112591s ]
INFO: Run content_replace Behavior [ RunTime:-0.112647s ]
INFO: [ view_filter ] --END-- [ RunTime:-0.007593s ]
INFO: [ view_end ] --START--
INFO: Run ShowPageTrace Behavior [ RunTime:-0.112735s ]
INFO: [ view_end ] --END-- [ RunTime:-0.007152s ]
SQL: SHOW COLUMNS FROM `pin_album` [ RunTime:0.002716s ]
SQL: SELECT * FROM `pin_album` WHERE ( `status` = 1 ) AND ( is_index=1 ) ORDER BY ordid,id DESC LIMIT 3   [ RunTime:0.000694s ]
SQL: SHOW COLUMNS FROM `pin_flink` [ RunTime:0.002467s ]
SQL: SELECT * FROM `pin_flink` WHERE ( `status` = 1 ) ORDER BY ordid,id DESC LIMIT 5   [ RunTime:0.000576s ]
NOTIC: [2] Missing argument 1 for JSMin::__construct(), called in /Users/yuan/Workspace/php/pinphp/app/Lib/Pintag/loadTag.class.php on line 14 and defined /Users/yuan/Workspace/php/pinphp/app/Lib/ORG/JSMin.class.php 第 89 行.
NOTIC: [8] Undefined variable: input /Users/yuan/Workspace/php/pinphp/app/Lib/ORG/JSMin.class.php 第 91 行.
NOTIC: [2] Missing argument 1 for Dir::__construct(), called in /Users/yuan/Workspace/php/pinphp/app/Lib/Pintag/loadTag.class.php on line 15 and defined /Users/yuan/Workspace/php/pinphp/app/Lib/ORG/Dir.class.php 第 37 行.
NOTIC: [8] Undefined variable: path /Users/yuan/Workspace/php/pinphp/app/Lib/ORG/Dir.class.php 第 39 行.
NOTIC: [8] Undefined variable: path /Users/yuan/Workspace/php/pinphp/app/Lib/ORG/Dir.class.php 第 39 行.
INFO: Run ParseTemplate Behavior [ RunTime:-0.112735s ]
INFO: [ view_parse ] --END-- [ RunTime:-0.008863s ]
INFO: [ view_filter ] --START--
INFO: Run ContentReplace Behavior [ RunTime:-0.138377s ]
INFO: Run TokenBuild Behavior [ RunTime:-0.138943s ]
INFO: Run WriteHtmlCache Behavior [ RunTime:-0.139033s ]
INFO: Run ShowRuntime Behavior [ RunTime:-0.139056s ]
INFO: Run content_replace Behavior [ RunTime:-0.139194s ]
INFO: [ view_filter ] --END-- [ RunTime:-0.033551s ]
INFO: [ view_end ] --START--
INFO: Run ShowPageTrace Behavior [ RunTime:-0.139574s ]
INFO: [ view_end ] --END-- [ RunTime:-0.033978s ]

[ 2013-03-27T09:45:40+08:00 ] ERR: (ThinkException) 无法加载模块:favicon.ico
[ 2013-03-27T09:45:40+08:00 ] ERR: (ThinkException) 无法加载模块:favicon.ico
[ 2013-03-27T09:50:23+08:00 ] 127.0.0.1 /index.php?m=book&a=index
INFO: [ app_begin ] --START--
INFO: Run ReadHtmlCache Behavior [ RunTime:0.000433s ]
SQL: SHOW COLUMNS FROM `pin_ipban` [ RunTime:0.000963s ]
SQL: DELETE FROM `pin_ipban` WHERE expires_time <> 0 AND expires_time < 1364349022 [ RunTime:0.000141s ]
SQL: SELECT COUNT(*) AS tp_count FROM `pin_ipban` WHERE ( `type` = 'ip' ) AND ( `name` = '127.0.0.1' ) LIMIT 1   [ RunTime:0.000126s ]
INFO: Run check_ipban Behavior [ RunTime:-0.000060s ]
INFO: Run load_lang Behavior [ RunTime:-0.008329s ]
INFO: [ app_begin ] --END-- [ RunTime:0.009826s ]
SQL: SHOW COLUMNS FROM `pin_item` [ RunTime:0.001962s ]
SQL: SELECT COUNT(id) AS tp_count FROM `pin_item` WHERE ( `status` = 1 ) LIMIT 1   [ RunTime:0.000287s ]
SQL: SELECT `id`,`uid`,`uname`,`title`,`intro`,`img`,`price`,`likes`,`comments`,`comments_cache` FROM `pin_item` WHERE ( `status` = 1 ) ORDER BY hits DESC,id DESC LIMIT 0,10   [ RunTime:0.000570s ]
NOTIC: [8] Undefined index: site_title /Users/yuan/Workspace/php/pinphp/app/Lib/Action/frontendAction.class.php 第 61 行.
NOTIC: [8] Undefined index: site_name /Users/yuan/Workspace/php/pinphp/app/Lib/Action/frontendAction.class.php 第 61 行.
NOTIC: [8] Undefined index: site_description /Users/yuan/Workspace/php/pinphp/app/Lib/Action/frontendAction.class.php 第 61 行.
INFO: [ view_template ] --START--
INFO: Run basic_template Behavior [ RunTime:-0.017351s ]
INFO: [ view_template ] --END-- [ RunTime:0.000556s ]
INFO: [ view_parse ] --START--
INFO: [ view_template ] --START--
INFO: Run basic_template Behavior [ RunTime:-0.020211s ]
INFO: [ view_template ] --END-- [ RunTime:-0.002312s ]
INFO: [ view_template ] --START--
INFO: Run basic_template Behavior [ RunTime:-0.020437s ]
INFO: [ view_template ] --END-- [ RunTime:-0.002549s ]
INFO: [ view_template ] --START--
INFO: Run basic_template Behavior [ RunTime:-0.020640s ]
INFO: [ view_template ] --END-- [ RunTime:-0.002747s ]
INFO: [ view_template ] --START--
INFO: Run basic_template Behavior [ RunTime:-0.020854s ]
INFO: [ view_template ] --END-- [ RunTime:-0.002965s ]
NOTIC: [8] Undefined variable: csses /Users/yuan/Workspace/php/pinphp/data/runtime/Cache/home/55898c725ca0f8bd42a8ed05b2118234.php 第 11 行.
NOTIC: [8] Undefined variable: jses /Users/yuan/Workspace/php/pinphp/data/runtime/Cache/home/55898c725ca0f8bd42a8ed05b2118234.php 第 15 行.
NOTIC: [2] Missing argument 1 for JSMin::__construct(), called in /Users/yuan/Workspace/php/pinphp/app/Lib/Pintag/loadTag.class.php on line 14 and defined /Users/yuan/Workspace/php/pinphp/app/Lib/ORG/JSMin.class.php 第 89 行.
NOTIC: [8] Undefined variable: input /Users/yuan/Workspace/php/pinphp/app/Lib/ORG/JSMin.class.php 第 91 行.
NOTIC: [2] Missing argument 1 for Dir::__construct(), called in /Users/yuan/Workspace/php/pinphp/app/Lib/Pintag/loadTag.class.php on line 15 and defined /Users/yuan/Workspace/php/pinphp/app/Lib/ORG/Dir.class.php 第 37 行.
NOTIC: [8] Undefined variable: path /Users/yuan/Workspace/php/pinphp/app/Lib/ORG/Dir.class.php 第 39 行.
NOTIC: [8] Undefined variable: path /Users/yuan/Workspace/php/pinphp/app/Lib/ORG/Dir.class.php 第 39 行.
INFO: Run ParseTemplate Behavior [ RunTime:-0.020854s ]
INFO: [ view_parse ] --END-- [ RunTime:0.034527s ]
INFO: [ view_filter ] --START--
INFO: Run ContentReplace Behavior [ RunTime:-0.052502s ]
INFO: Run TokenBuild Behavior [ RunTime:-0.052949s ]
INFO: Run WriteHtmlCache Behavior [ RunTime:-0.053158s ]
INFO: Run ShowRuntime Behavior [ RunTime:-0.053273s ]
INFO: Run content_replace Behavior [ RunTime:-0.053569s ]
INFO: [ view_filter ] --END-- [ RunTime:0.001309s ]
INFO: [ view_end ] --START--
INFO: Run ShowPageTrace Behavior [ RunTime:-0.053865s ]
INFO: [ view_end ] --END-- [ RunTime:0.000313s ]

[ 2013-03-27T09:50:26+08:00 ] 127.0.0.1 /index.php?m=item&a=index&id=104
INFO: [ app_begin ] --START--
INFO: Run ReadHtmlCache Behavior [ RunTime:0.000391s ]
SQL: SHOW COLUMNS FROM `pin_ipban` [ RunTime:0.001057s ]
SQL: DELETE FROM `pin_ipban` WHERE expires_time <> 0 AND expires_time < 1364349026 [ RunTime:0.000217s ]
SQL: SELECT COUNT(*) AS tp_count FROM `pin_ipban` WHERE ( `type` = 'ip' ) AND ( `name` = '127.0.0.1' ) LIMIT 1   [ RunTime:0.000191s ]
INFO: Run check_ipban Behavior [ RunTime:-0.000041s ]
INFO: Run load_lang Behavior [ RunTime:-0.009473s ]
INFO: [ app_begin ] --END-- [ RunTime:0.011182s ]
SQL: SHOW COLUMNS FROM `pin_item` [ RunTime:0.002295s ]
SQL: SELECT `id`,`title`,`uid`,`uname`,`intro`,`price`,`url`,`likes`,`comments`,`tag_cache`,`seo_title`,`seo_keys`,`seo_desc`,`add_time` FROM `pin_item` WHERE ( `id` = 104 ) AND ( `status` = 1 ) LIMIT 1   [ RunTime:0.000440s ]
SQL: SHOW COLUMNS FROM `pin_item_orig` [ RunTime:0.003074s ]
NOTIC: [8] Undefined index: orig_id /Users/yuan/Workspace/php/pinphp/app/Lib/Action/home/itemAction.class.php 第 24 行.
SQL: SELECT `name`,`img` FROM `pin_item_orig` LIMIT 1   [ RunTime:0.000761s ]
SQL: SHOW COLUMNS FROM `pin_item_img` [ RunTime:0.002417s ]
SQL: SELECT `url` FROM `pin_item_img` WHERE ( `item_id` = 104 ) ORDER BY ordid  [ RunTime:0.000787s ]
SQL: SHOW COLUMNS FROM `pin_item_tag` [ RunTime:0.002334s ]
SQL: SELECT i.id,i.img,i.intro,pin_item_tag.tag_id FROM `pin_item_tag` LEFT JOIN pin_item i ON i.id = pin_item_tag.item_id WHERE ( pin_item_tag.tag_id = 437 ) AND ( i.id <> 104 ) ORDER BY i.id DESC LIMIT 9   [ RunTime:0.001656s ]
SQL: SELECT i.id,i.img,i.intro,pin_item_tag.tag_id FROM `pin_item_tag` LEFT JOIN pin_item i ON i.id = pin_item_tag.item_id WHERE ( pin_item_tag.tag_id = 303 ) AND ( i.id <> 104 ) ORDER BY i.id DESC LIMIT 9   [ RunTime:0.000601s ]
SQL: SELECT i.id,i.img,i.intro,pin_item_tag.tag_id FROM `pin_item_tag` LEFT JOIN pin_item i ON i.id = pin_item_tag.item_id WHERE ( pin_item_tag.tag_id = 50 ) AND ( i.id <> 104 ) ORDER BY i.id DESC LIMIT 9   [ RunTime:0.000424s ]
SQL: SHOW COLUMNS FROM `pin_item_comment` [ RunTime:0.002125s ]
SQL: SELECT COUNT(id) AS tp_count FROM `pin_item_comment` WHERE ( `item_id` = 104 ) LIMIT 1   [ RunTime:0.000442s ]
SQL: SELECT * FROM `pin_item_comment` WHERE ( `item_id` = 104 ) ORDER BY id DESC LIMIT 0,8   [ RunTime:0.000347s ]
SQL: UPDATE `pin_item` SET `hits`=hits+1 WHERE ( `id` = 104 ) [ RunTime:0.000951s ]
INFO: [ view_template ] --START--
INFO: Run basic_template Behavior [ RunTime:-0.038616s ]
INFO: [ view_template ] --END-- [ RunTime:0.000362s ]
INFO: [ view_parse ] --START--
INFO: [ view_template ] --START--
INFO: Run basic_template Behavior [ RunTime:-0.040967s ]
INFO: [ view_template ] --END-- [ RunTime:-0.001982s ]
INFO: [ view_template ] --START--
INFO: Run basic_template Behavior [ RunTime:-0.041217s ]
INFO: [ view_template ] --END-- [ RunTime:-0.002239s ]
INFO: [ view_template ] --START--
INFO: Run basic_template Behavior [ RunTime:-0.041487s ]
INFO: [ view_template ] --END-- [ RunTime:-0.002512s ]
NOTIC: [8] Undefined variable: csses /Users/yuan/Workspace/php/pinphp/data/runtime/Cache/home/51c31c672c0ef034ae641a30d4ae7487.php 第 11 行.
NOTIC: [8] Undefined variable: jses /Users/yuan/Workspace/php/pinphp/data/runtime/Cache/home/51c31c672c0ef034ae641a30d4ae7487.php 第 15 行.
NOTIC: [8] Undefined index: title /Users/yuan/Workspace/php/pinphp/data/runtime/Cache/home/51c31c672c0ef034ae641a30d4ae7487.php 第 106 行.
NOTIC: [8] Undefined index: title /Users/yuan/Workspace/php/pinphp/data/runtime/Cache/home/51c31c672c0ef034ae641a30d4ae7487.php 第 106 行.
NOTIC: [8] Undefined index: title /Users/yuan/Workspace/php/pinphp/data/runtime/Cache/home/51c31c672c0ef034ae641a30d4ae7487.php 第 106 行.
NOTIC: [8] Undefined index: title /Users/yuan/Workspace/php/pinphp/data/runtime/Cache/home/51c31c672c0ef034ae641a30d4ae7487.php 第 106 行.
NOTIC: [8] Undefined index: title /Users/yuan/Workspace/php/pinphp/data/runtime/Cache/home/51c31c672c0ef034ae641a30d4ae7487.php 第 106 行.
NOTIC: [8] Undefined index: title /Users/yuan/Workspace/php/pinphp/data/runtime/Cache/home/51c31c672c0ef034ae641a30d4ae7487.php 第 106 行.
NOTIC: [8] Undefined index: title /Users/yuan/Workspace/php/pinphp/data/runtime/Cache/home/51c31c672c0ef034ae641a30d4ae7487.php 第 106 行.
NOTIC: [8] Undefined index: title /Users/yuan/Workspace/php/pinphp/data/runtime/Cache/home/51c31c672c0ef034ae641a30d4ae7487.php 第 106 行.
NOTIC: [8] Undefined index: title /Users/yuan/Workspace/php/pinphp/data/runtime/Cache/home/51c31c672c0ef034ae641a30d4ae7487.php 第 106 行.
NOTIC: [8] Undefined index: title /Users/yuan/Workspace/php/pinphp/data/runtime/Cache/home/51c31c672c0ef034ae641a30d4ae7487.php 第 106 行.
NOTIC: [8] Undefined index: title /Users/yuan/Workspace/php/pinphp/data/runtime/Cache/home/51c31c672c0ef034ae641a30d4ae7487.php 第 106 行.
NOTIC: [8] Undefined index: title /Users/yuan/Workspace/php/pinphp/data/runtime/Cache/home/51c31c672c0ef034ae641a30d4ae7487.php 第 106 行.
NOTIC: [8] Undefined index: title /Users/yuan/Workspace/php/pinphp/data/runtime/Cache/home/51c31c672c0ef034ae641a30d4ae7487.php 第 106 行.
NOTIC: [8] Undefined index: title /Users/yuan/Workspace/php/pinphp/data/runtime/Cache/home/51c31c672c0ef034ae641a30d4ae7487.php 第 106 行.
NOTIC: [8] Undefined index: title /Users/yuan/Workspace/php/pinphp/data/runtime/Cache/home/51c31c672c0ef034ae641a30d4ae7487.php 第 106 行.
NOTIC: [8] Undefined index: title /Users/yuan/Workspace/php/pinphp/data/runtime/Cache/home/51c31c672c0ef034ae641a30d4ae7487.php 第 106 行.
NOTIC: [8] Undefined index: title /Users/yuan/Workspace/php/pinphp/data/runtime/Cache/home/51c31c672c0ef034ae641a30d4ae7487.php 第 106 行.
NOTIC: [8] Undefined index: title /Users/yuan/Workspace/php/pinphp/data/runtime/Cache/home/51c31c672c0ef034ae641a30d4ae7487.php 第 106 行.
NOTIC: [8] Undefined index: title /Users/yuan/Workspace/php/pinphp/data/runtime/Cache/home/51c31c672c0ef034ae641a30d4ae7487.php 第 106 行.
NOTIC: [8] Undefined index: title /Users/yuan/Workspace/php/pinphp/data/runtime/Cache/home/51c31c672c0ef034ae641a30d4ae7487.php 第 106 行.
NOTIC: [8] Undefined index: title /Users/yuan/Workspace/php/pinphp/data/runtime/Cache/home/51c31c672c0ef034ae641a30d4ae7487.php 第 106 行.
NOTIC: [8] Undefined index: title /Users/yuan/Workspace/php/pinphp/data/runtime/Cache/home/51c31c672c0ef034ae641a30d4ae7487.php 第 106 行.
NOTIC: [8] Undefined index: title /Users/yuan/Workspace/php/pinphp/data/runtime/Cache/home/51c31c672c0ef034ae641a30d4ae7487.php 第 106 行.
NOTIC: [8] Undefined index: title /Users/yuan/Workspace/php/pinphp/data/runtime/Cache/home/51c31c672c0ef034ae641a30d4ae7487.php 第 106 行.
NOTIC: [8] Undefined index: title /Users/yuan/Workspace/php/pinphp/data/runtime/Cache/home/51c31c672c0ef034ae641a30d4ae7487.php 第 106 行.
SQL: SHOW COLUMNS FROM `pin_adboard` [ RunTime:0.001047s ]
SQL: SELECT * FROM `pin_adboard` WHERE ( `id` = 13 ) AND ( `status` = 1 ) LIMIT 1   [ RunTime:0.000276s ]
SQL: SHOW COLUMNS FROM `pin_ad` [ RunTime:0.001797s ]
SQL: SELECT `id`,`type`,`name`,`url`,`content`,`desc`,`extimg`,`extval` FROM `pin_ad` WHERE ( `board_id` = 13 ) AND ( `start_time` <= 1364349026 ) AND ( `end_time` >= 1364349026 ) AND ( `status` = 1 ) ORDER BY ordid  [ RunTime:0.000366s ]
NOTIC: [2] Invalid argument supplied for foreach() /Users/yuan/Workspace/php/pinphp/app/Lib/Widget/advertWidget.class.php 第 22 行.
INFO: [ view_template ] --START--
INFO: Run basic_template Behavior [ RunTime:-0.082290s ]
INFO: [ view_template ] --END-- [ RunTime:-0.043317s ]
INFO: [ view_parse ] --START--
INFO: Run ParseTemplate Behavior [ RunTime:-0.082448s ]
INFO: [ view_parse ] --END-- [ RunTime:0.002286s ]
INFO: [ view_filter ] --START--
INFO: Run ContentReplace Behavior [ RunTime:-0.084773s ]
INFO: Run TokenBuild Behavior [ RunTime:-0.084975s ]
INFO: Run WriteHtmlCache Behavior [ RunTime:-0.085159s ]
INFO: Run ShowRuntime Behavior [ RunTime:-0.085293s ]
INFO: Run content_replace Behavior [ RunTime:-0.085520s ]
INFO: [ view_filter ] --END-- [ RunTime:0.000942s ]
INFO: [ view_end ] --START--
INFO: Run ShowPageTrace Behavior [ RunTime:-0.085746s ]
INFO: [ view_end ] --END-- [ RunTime:0.000367s ]
NOTIC: [2] Missing argument 1 for JSMin::__construct(), called in /Users/yuan/Workspace/php/pinphp/app/Lib/Pintag/loadTag.class.php on line 14 and defined /Users/yuan/Workspace/php/pinphp/app/Lib/ORG/JSMin.class.php 第 89 行.
NOTIC: [8] Undefined variable: input /Users/yuan/Workspace/php/pinphp/app/Lib/ORG/JSMin.class.php 第 91 行.
NOTIC: [2] Missing argument 1 for Dir::__construct(), called in /Users/yuan/Workspace/php/pinphp/app/Lib/Pintag/loadTag.class.php on line 15 and defined /Users/yuan/Workspace/php/pinphp/app/Lib/ORG/Dir.class.php 第 37 行.
NOTIC: [8] Undefined variable: path /Users/yuan/Workspace/php/pinphp/app/Lib/ORG/Dir.class.php 第 39 行.
NOTIC: [8] Undefined variable: path /Users/yuan/Workspace/php/pinphp/app/Lib/ORG/Dir.class.php 第 39 行.
INFO: Run ParseTemplate Behavior [ RunTime:-0.085746s ]
INFO: [ view_parse ] --END-- [ RunTime:0.002286s ]
INFO: [ view_filter ] --START--
INFO: Run ContentReplace Behavior [ RunTime:-0.090756s ]
INFO: Run TokenBuild Behavior [ RunTime:-0.091102s ]
INFO: Run WriteHtmlCache Behavior [ RunTime:-0.091175s ]
INFO: Run ShowRuntime Behavior [ RunTime:-0.091197s ]
INFO: Run content_replace Behavior [ RunTime:-0.091301s ]
INFO: [ view_filter ] --END-- [ RunTime:-0.005052s ]
INFO: [ view_end ] --START--
INFO: Run ShowPageTrace Behavior [ RunTime:-0.091450s ]
INFO: [ view_end ] --END-- [ RunTime:-0.005337s ]

